mayDay/build/outputs/apk/manifest-merger-debug-report.txt
-- Merging decision tree log ---
manifest
ADDED from AndroidManifest.xml:3:1
	xmlns:tools
		ADDED from AndroidManifest.xml:4:5
	xmlns:android
		ADDED from AndroidManifest.xml:3:11
	package
		ADDED from AndroidManifest.xml:5:59
		INJECTED from AndroidManifest.xml:0:0
		INJECTED from AndroidManifest.xml:0:0
	android:versionName
		ADDED from AndroidManifest.xml:5:31
	android:versionCode
		ADDED from AndroidManifest.xml:5:5
		INJECTED from AndroidManifest.xml:0:0
		INJECTED from AndroidManifest.xml:0:0
uses-sdk
ADDED from AndroidManifest.xml:6:5
MERGED from com.android.support:support-v4:21.0.3:15:5
	android:targetSdkVersion
		ADDED from AndroidManifest.xml:6:42
		INJECTED from AndroidManifest.xml:0:0
		INJECTED from AndroidManifest.xml:0:0
	android:minSdkVersion
		ADDED from AndroidManifest.xml:6:15
		INJECTED from AndroidManifest.xml:0:0
		INJECTED from AndroidManifest.xml:0:0
uses-permission#android.permission.READ_CONTACTS
ADDED from AndroidManifest.xml:8:5
	android:name
		ADDED from AndroidManifest.xml:8:22
uses-permission#android.permission.READ_PHONE_STATE
ADDED from AndroidManifest.xml:9:5
	android:name
		ADDED from AndroidManifest.xml:9:22
uses-permission#android.permission.SEND_SMS
ADDED from AndroidManifest.xml:11:5
	android:name
		ADDED from AndroidManifest.xml:11:22
uses-permission#android.permission.VIBRATE
ADDED from AndroidManifest.xml:12:5
	android:name
		ADDED from AndroidManifest.xml:12:22
uses-permission#android.permission.ACCESS_FINE_LOCATION
ADDED from AndroidManifest.xml:13:5
	android:name
		ADDED from AndroidManifest.xml:13:22
uses-permission#android.permission.ACCESS_COARSE_LOCATION
ADDED from AndroidManifest.xml:14:5
	android:name
		ADDED from AndroidManifest.xml:14:22
uses-permission#android.permission.RECEIVE_BOOT_COMPLETED
ADDED from AndroidManifest.xml:15:5
	android:name
		ADDED from AndroidManifest.xml:15:22
uses-permission#com.android.launcher.permission.INSTALL_SHORTCUT
ADDED from AndroidManifest.xml:16:5
	android:name
		ADDED from AndroidManifest.xml:16:22
uses-permission#com.android.launcher.permission.UNINSTALL_SHORTCUT
ADDED from AndroidManifest.xml:17:5
	android:name
		ADDED from AndroidManifest.xml:17:22
uses-permission#android.permission.WAKE_LOCK
ADDED from AndroidManifest.xml:18:5
	android:name
		ADDED from AndroidManifest.xml:18:22
uses-permission#android.permission.GET_TASKS
ADDED from AndroidManifest.xml:21:5
	android:name
		ADDED from AndroidManifest.xml:21:22
uses-permission#com.samsung.android.sdk.permission.SAMSUNG_CUP_SERVICE
ADDED from AndroidManifest.xml:22:5
	android:name
		ADDED from AndroidManifest.xml:22:22
uses-permission#android.permission.WRITE_SETTINGS
ADDED from AndroidManifest.xml:23:5
	android:name
		ADDED from AndroidManifest.xml:23:22
uses-permission#android.permission.SCREEN_ON
ADDED from AndroidManifest.xml:24:5
	android:name
		ADDED from AndroidManifest.xml:24:22
application
ADDED from AndroidManifest.xml:27:5
MERGED from com.android.support:support-v4:21.0.3:16:5
	android:label
		ADDED from AndroidManifest.xml:28:46
	android:allowBackup
		ADDED from AndroidManifest.xml:27:18
	android:icon
		ADDED from AndroidManifest.xml:28:9
	android:theme
		ADDED from AndroidManifest.xml:29:52
	android:name
		ADDED from AndroidManifest.xml:29:9
activity#com.mayday.md.HomeActivity
ADDED from AndroidManifest.xml:31:9
	android:screenOrientation
		ADDED from AndroidManifest.xml:32:67
	android:noHistory
		ADDED from AndroidManifest.xml:32:42
	android:label
		ADDED from AndroidManifest.xml:31:54
	android:excludeFromRecents
		ADDED from AndroidManifest.xml:31:19
	android:name
		ADDED from AndroidManifest.xml:32:13
intent-filter#android.intent.action.MAIN
ADDED from AndroidManifest.xml:33:13
action#android.intent.action.MAIN
ADDED from AndroidManifest.xml:34:17
	android:name
		ADDED from AndroidManifest.xml:34:25
activity-alias#com.mayday.md.HomeActivity-setup
ADDED from AndroidManifest.xml:39:9
	android:label
		ADDED from AndroidManifest.xml:40:13
	android:icon
		ADDED from AndroidManifest.xml:39:48
	android:enabled
		ADDED from AndroidManifest.xml:39:25
	android:targetActivity
		ADDED from AndroidManifest.xml:40:87
	android:name
		ADDED from AndroidManifest.xml:40:52
intent-filter#android.intent.action.MAIN+android.intent.category.LAUNCHER
ADDED from AndroidManifest.xml:41:13
category#android.intent.category.LAUNCHER
ADDED from AndroidManifest.xml:43:17
	android:name
		ADDED from AndroidManifest.xml:43:27
intent-filter#com.samsung.android.sdk.cup
ADDED from AndroidManifest.xml:45:13
action#com.samsung.android.sdk.cup
ADDED from AndroidManifest.xml:46:17
	android:name
		ADDED from AndroidManifest.xml:46:25
activity-alias#com.mayday.md.HomeActivity-calculator
ADDED from AndroidManifest.xml:50:9
	android:label
		ADDED from AndroidManifest.xml:51:13
	android:icon
		ADDED from AndroidManifest.xml:50:49
	android:enabled
		ADDED from AndroidManifest.xml:50:25
	android:targetActivity
		ADDED from AndroidManifest.xml:51:86
	android:name
		ADDED from AndroidManifest.xml:51:46
activity#com.mayday.md.WizardActivity
ADDED from AndroidManifest.xml:61:9
	android:screenOrientation
		ADDED from AndroidManifest.xml:62:13
	android:excludeFromRecents
		ADDED from AndroidManifest.xml:61:19
	android:name
		ADDED from AndroidManifest.xml:61:54
activity#com.mayday.md.WizardModalActivity
ADDED from AndroidManifest.xml:63:9
	android:screenOrientation
		ADDED from AndroidManifest.xml:64:13
	android:theme
		ADDED from AndroidManifest.xml:64:50
	android:excludeFromRecents
		ADDED from AndroidManifest.xml:63:19
	android:name
		ADDED from AndroidManifest.xml:63:54
activity#com.mayday.md.MainActivity
ADDED from AndroidManifest.xml:65:9
	android:screenOrientation
		ADDED from AndroidManifest.xml:66:42
	android:excludeFromRecents
		ADDED from AndroidManifest.xml:65:19
	android:name
		ADDED from AndroidManifest.xml:66:13
	android:launchMode
		ADDED from AndroidManifest.xml:65:54
activity#com.mayday.md.LoginActivity
ADDED from AndroidManifest.xml:67:9
	android:screenOrientation
		ADDED from AndroidManifest.xml:68:38
	android:noHistory
		ADDED from AndroidManifest.xml:68:13
	android:excludeFromRecents
		ADDED from AndroidManifest.xml:67:19
	android:name
		ADDED from AndroidManifest.xml:67:54
activity#com.mayday.md.MainModalActivity
ADDED from AndroidManifest.xml:72:9
	android:screenOrientation
		ADDED from AndroidManifest.xml:73:13
	android:theme
		ADDED from AndroidManifest.xml:73:50
	android:excludeFromRecents
		ADDED from AndroidManifest.xml:72:19
	android:name
		ADDED from AndroidManifest.xml:72:54
service#com.mayday.md.trigger.HardwareTriggerService
ADDED from AndroidManifest.xml:75:9
	android:name
		ADDED from AndroidManifest.xml:75:18
receiver#com.mayday.md.trigger.BootReceiver
ADDED from AndroidManifest.xml:77:9
	android:exported
		ADDED from AndroidManifest.xml:77:42
	android:enabled
		ADDED from AndroidManifest.xml:77:19
	android:name
		ADDED from AndroidManifest.xml:77:67
intent-filter#android.intent.action.BOOT_COMPLETED
ADDED from AndroidManifest.xml:78:13
action#android.intent.action.BOOT_COMPLETED
ADDED from AndroidManifest.xml:79:17
	android:name
		ADDED from AndroidManifest.xml:79:25
receiver#com.mayday.md.location.LocationUpdateReceiver
ADDED from AndroidManifest.xml:83:9
	android:exported
		ADDED from AndroidManifest.xml:83:42
	android:enabled
		ADDED from AndroidManifest.xml:83:19
	android:name
		ADDED from AndroidManifest.xml:83:67
intent-filter#com.mayday.md.LOCATION_UPDATE_ACTION
ADDED from AndroidManifest.xml:84:13
action#com.mayday.md.LOCATION_UPDATE_ACTION
ADDED from AndroidManifest.xml:85:17
	android:name
		ADDED from AndroidManifest.xml:85:25
receiver#com.mayday.md.alert.AlarmReceiver
ADDED from AndroidManifest.xml:89:9
	android:exported
		ADDED from AndroidManifest.xml:89:42
	android:enabled
		ADDED from AndroidManifest.xml:89:19
	android:name
		ADDED from AndroidManifest.xml:89:67
intent-filter#com.mayday.md.SEND_ALERT_ACTION
ADDED from AndroidManifest.xml:90:13
action#com.mayday.md.SEND_ALERT_ACTION
ADDED from AndroidManifest.xml:91:17
	android:name
		ADDED from AndroidManifest.xml:91:25
intent-filter#com.mayday.md.SEND_ALERT_ACTION_SINGLE
ADDED from AndroidManifest.xml:93:13
action#com.mayday.md.SEND_ALERT_ACTION_SINGLE
ADDED from AndroidManifest.xml:94:17
	android:name
		ADDED from AndroidManifest.xml:94:25
meta-data#SAMSUNG_CUP_APP
ADDED from AndroidManifest.xml:102:9
	android:name
		ADDED from AndroidManifest.xml:103:13
	android:value
		ADDED from AndroidManifest.xml:104:13